<?xml version="1.0" encoding="UTF-8"?>
<!-- Generated by org.testng.reporters.JUnitXMLReporter -->
<testsuite ignored="2" hostname="DESKTOP-07GBU06" failures="0" tests="1" name="Default test" time="28.122" errors="0" timestamp="27 May 2022 13:45:11 GMT">
  <testcase classname="com.project.LoginPage_Automation.loginPage" name="login" time="18.37"/>
  <testcase classname="com.project.LoginPage_Automation.driverSetup" name="@BeforeSuite setBrowserEnv" time="0.0">
    <ignored/>
  </testcase> <!-- @BeforeSuite setBrowserEnv -->
  <testcase classname="com.project.LoginPage_Automation.driverSetup" name="@AfterSuite browserClose" time="0.0">
    <ignored/>
  </testcase> <!-- @AfterSuite browserClose -->
</testsuite> <!-- Default test -->
